$GPGGA,141136.000,5305.9674,N,00851.2369,E,0,00,99.9,-365.5,M,45.6,M,,0000*46
$GPGGA,141137.000,5305.9674,N,00851.2369,E,0,00,99.9,-365.5,M,45.6,M,,0000*47
$GPGGA,141138.000,5305.9674,N,00851.2369,E,0,00,99.9,-365.5,M,45.6,M,,0000*48
$GPGGA,141139.000,5305.9674,N,00851.2369,E,0,00,99.9,-365.5,M,45.6,M,,0000*49
$GPGGA,141140.000,5305.9674,N,00851.2369,E,0,00,99.9,-365.5,M,45.6,M,,0000*47
$GPGGA,141141.000,5305.9674,N,00851.2369,E,0,00,99.9,-365.5,M,45.6,M,,0000*46
$GPGGA,141142.000,5305.9674,N,00851.2369,E,0,00,99.9,-365.5,M,45.6,M,,0000*45
$GPGGA,141143.000,5305.9674,N,00851.2369,E,0,00,99.9,-365.5,M,45.6,M,,0000*44
$GPGGA,141144.000,5305.9674,N,00851.2369,E,0,00,99.9,-365.5,M,45.6,M,,0000*43
$GPGGA,141145.000,5305.9674,N,00851.2369,E,0,00,99.9,-365.5,M,45.6,M,,0000*42
$GPGGA,141146.000,5305.9674,N,00851.2369,E,0,00,99.9,-365.5,M,45.6,M,,0000*41
$GPGGA,141147.000,5305.9674,N,00851.2369,E,0,00,99.9,-365.5,M,45.6,M,,0000*40
$GPGGA,141148.000,5305.9674,N,00851.2369,E,0,00,99.9,-365.5,M,45.6,M,,0000*4F
$GPGGA,141149.000,5305.9674,N,00851.2369,E,0,00,99.9,-365.5,M,45.6,M,,0000*4E
$GPGGA,141150.000,5305.9674,N,00851.2369,E,0,00,99.9,-365.5,M,45.6,M,,0000*46
$GPGGA,141151.000,5305.9674,N,00851.2369,E,0,00,99.9,-365.5,M,45.6,M,,0000*47
$GPGGA,141152.000,5305.9674,N,00851.2369,E,0,00,99.9,-365.5,M,45.6,M,,0000*44
$GPGGA,141153.000,5305.9674,N,00851.2369,E,0,00,99.9,-365.5,M,45.6,M,,0000*45
$GPGGA,141154.000,5305.9674,N,00851.2369,E,0,00,99.9,-365.5,M,45.6,M,,0000*42
$GPGGA,141155.000,5305.9674,N,00851.2369,E,0,00,99.9,-365.5,M,45.6,M,,0000*43
$GPGGA,141156.000,5305.9674,N,00851.2369,E,0,00,99.9,-365.5,M,45.6,M,,0000*40
$GPGGA,141157.000,5305.9674,N,00851.2369,E,0,00,99.9,-365.5,M,45.6,M,,0000*41
$GPGGA,141158.000,5305.9674,N,00851.2369,E,0,00,99.9,-365.5,M,45.6,M,,0000*4E
$GPGGA,141159.000,5305.9674,N,00851.2369,E,0,00,99.9,-365.5,M,45.6,M,,0000*4F
$GPGGA,141200.000,5305.9674,N,00851.2369,E,0,00,99.9,-365.5,M,45.6,M,,0000*40
$GPGGA,141201.000,5305.9674,N,00851.2369,E,0,00,99.9,-365.5,M,45.6,M,,0000*41
$GPGGA,141202.000,5305.9674,N,00851.2369,E,0,00,99.9,-365.5,M,45.6,M,,0000*42
$GPGGA,141203.000,5305.9674,N,00851.2369,E,0,00,99.9,-365.5,M,45.6,M,,0000*43
$GPGGA,141204.000,5305.9674,N,00851.2369,E,0,00,99.9,-365.5,M,45.6,M,,0000*44
$GPGGA,141205.000,5305.9674,N,00851.2369,E,0,00,99.9,-365.5,M,45.6,M,,0000*45
$GPGGA,141206.000,5305.9674,N,00851.2369,E,0,00,99.9,-365.5,M,45.6,M,,0000*46
$GPGGA,141207.000,5305.9674,N,00851.2369,E,0,00,99.9,-365.5,M,45.6,M,,0000*47
$GPGGA,141208.000,5305.9674,N,00851.2369,E,0,00,99.9,-365.5,M,45.6,M,,0000*48
$GPGGA,141209.000,5305.9674,N,00851.2369,E,0,00,99.9,-365.5,M,45.6,M,,0000*49
$GPGGA,141210.000,5305.9674,N,00851.2369,E,0,00,99.9,-365.5,M,45.6,M,,0000*41
$GPGGA,141211.000,5305.9674,N,00851.2369,E,0,00,99.9,-365.5,M,45.6,M,,0000*40
$GPGGA,141212.000,5305.9674,N,00851.2369,E,0,00,99.9,-365.5,M,45.6,M,,0000*43
$GPGGA,141213.000,5305.9674,N,00851.2369,E,0,00,99.9,-365.5,M,45.6,M,,0000*42
$GPGGA,141214.000,5305.9674,N,00851.2369,E,0,00,99.9,-365.5,M,45.6,M,,0000*45
$GPGGA,141215.000,5305.9674,N,00851.2369,E,0,00,99.9,-365.5,M,45.6,M,,0000*44
$GPGGA,141216.000,5305.9674,N,00851.2369,E,0,00,99.9,-365.5,M,45.6,M,,0000*47
$GPGGA,141217.000,5305.9674,N,00851.2369,E,0,00,99.9,-365.5,M,45.6,M,,0000*46
$GPGGA,141218.000,5305.9674,N,00851.2369,E,0,00,99.9,-365.5,M,45.6,M,,0000*49
$GPGGA,141219.000,5305.9674,N,00851.2369,E,0,00,99.9,-365.5,M,45.6,M,,0000*48
$GPGGA,141220.000,5305.9674,N,00851.2369,E,0,00,99.9,-365.5,M,45.6,M,,0000*42
$GPGGA,141221.000,5305.9674,N,00851.2369,E,0,00,99.9,-365.5,M,45.6,M,,0000*43
$GPGGA,141222.000,5305.9674,N,00851.2369,E,0,00,99.9,-365.5,M,45.6,M,,0000*40
$GPGGA,141223.000,5305.9674,N,00851.2369,E,0,00,99.9,-365.5,M,45.6,M,,0000*41
$GPGGA,141224.000,5305.9674,N,00851.2369,E,0,00,99.9,-365.5,M,45.6,M,,0000*46
$GPGGA,141225.000,5305.9674,N,00851.2369,E,0,00,99.9,-365.5,M,45.6,M,,0000*47
$GPGGA,141226.000,5305.9674,N,00851.2369,E,0,00,99.9,-365.5,M,45.6,M,,0000*44
$GPGGA,141227.000,5305.9674,N,00851.2369,E,0,00,99.9,-365.5,M,45.6,M,,0000*45
$GPGGA,141228.000,5305.9674,N,00851.2369,E,0,00,99.9,-365.5,M,45.6,M,,0000*4A
$GPGGA,141229.000,5305.9674,N,00851.2369,E,0,00,99.9,-365.5,M,45.6,M,,0000*4B
$GPGGA,141230.000,5305.9674,N,00851.2369,E,0,00,99.9,-365.5,M,45.6,M,,0000*43
$GPGGA,141231.000,5305.9674,N,00851.2369,E,0,00,99.9,-365.5,M,45.6,M,,0000*42
$GPGGA,141232.000,5305.9674,N,00851.2369,E,0,00,99.9,-365.5,M,45.6,M,,0000*41
$GPGGA,141233.000,5305.9674,N,00851.2369,E,0,00,99.9,-365.5,M,45.6,M,,0000*40
$GPGGA,141234.000,5305.9674,N,00851.2369,E,0,00,99.9,-365.5,M,45.6,M,,0000*47
$GPGGA,141235.000,5305.9674,N,00851.2369,E,0,00,99.9,-365.5,M,45.6,M,,0000*46
$GPGGA,141236.000,5305.9674,N,00851.2369,E,0,00,99.9,-365.5,M,45.6,M,,0000*45
$GPGGA,141237.000,5305.9674,N,00851.2369,E,0,00,99.9,-365.5,M,45.6,M,,0000*44
